04/15/11 01:52:47 AM - Building message catalogs...
04/15/11 01:52:47 AM - Building Windows install...  
04/15/11 01:52:47 AM - Building main.tcl...
04/15/11 01:52:47 AM - Refreshing file groups...
04/15/11 01:52:47 AM - Getting file list...
04/15/11 01:52:48 AM - Building file manifest...
04/15/11 01:52:48 AM - Saving install information...
04/15/11 01:52:48 AM - Building install...
04/15/11 01:52:48 AM - Building install executable...
04/15/11 01:52:51 AM - Windows build completed in 00m04s.
04/15/11 01:52:51 AM - Installer size is 7.42 MB.
04/15/11 01:52:51 AM - Build completed in 00m04s.
04/15/11 01:59:03 AM - Building message catalogs...
04/15/11 01:59:03 AM - Building Windows install...  
04/15/11 01:59:03 AM - Building main.tcl...
04/15/11 01:59:03 AM - Refreshing file groups...
04/15/11 01:59:03 AM - Getting file list...
04/15/11 01:59:03 AM - Building file manifest...
04/15/11 01:59:03 AM - Saving install information...
04/15/11 01:59:04 AM - Building install...
04/15/11 01:59:04 AM - Building install executable...
04/15/11 01:59:06 AM - Windows build completed in 00m03s.
04/15/11 01:59:06 AM - Installer size is 7.42 MB.
04/15/11 01:59:06 AM - Build completed in 00m03s.
04/15/11 02:02:36 AM - Building message catalogs...
04/15/11 02:02:36 AM - Building Windows install...  
04/15/11 02:02:36 AM - Building main.tcl...
04/15/11 02:02:36 AM - Refreshing file groups...
04/15/11 02:02:36 AM - Getting file list...
04/15/11 02:02:36 AM - Building file manifest...
04/15/11 02:02:36 AM - Saving install information...
04/15/11 02:02:37 AM - Building install...
04/15/11 02:02:37 AM - Building install executable...
04/15/11 02:02:40 AM - Windows build completed in 00m04s.
04/15/11 02:02:40 AM - Installer size is 7.42 MB.
04/15/11 02:02:40 AM - Build completed in 00m04s.
04/15/11 02:10:12 AM - Building message catalogs...
04/15/11 02:10:12 AM - Building Windows install...  
04/15/11 02:10:12 AM - Building main.tcl...
04/15/11 02:10:12 AM - Refreshing file groups...
04/15/11 02:10:12 AM - Getting file list...
04/15/11 02:10:12 AM - Building file manifest...
04/15/11 02:10:13 AM - Saving install information...
04/15/11 02:10:13 AM - Building install...
04/15/11 02:10:13 AM - Building install executable...
04/15/11 02:10:15 AM - Windows build completed in 00m03s.
04/15/11 02:10:15 AM - Installer size is 7.42 MB.
04/15/11 02:10:15 AM - Build completed in 00m03s.
04/22/11 09:50:38 PM - Building message catalogs...
04/22/11 09:50:38 PM - Building Windows install...  
04/22/11 09:50:38 PM - Building main.tcl...
04/22/11 09:50:38 PM - Refreshing file groups...
04/22/11 09:50:38 PM - Getting file list...
04/22/11 09:50:38 PM - Building file manifest...
04/22/11 09:50:38 PM - Saving install information...
04/22/11 09:50:39 PM - Building install...
04/22/11 09:50:39 PM - Building install executable...
04/22/11 09:50:41 PM - Windows build completed in 00m03s.
04/22/11 09:50:41 PM - Installer size is 7.62 MB.
04/22/11 09:50:41 PM - Build completed in 00m03s.
04/22/11 09:52:38 PM - Building message catalogs...
04/22/11 09:52:38 PM - Building Windows install...  
04/22/11 09:52:38 PM - Building main.tcl...
04/22/11 09:52:38 PM - Refreshing file groups...
04/22/11 09:52:38 PM - Getting file list...
04/22/11 09:52:38 PM - Building file manifest...
04/22/11 09:52:38 PM - Saving install information...
04/22/11 09:52:39 PM - Building install...
04/22/11 09:52:39 PM - Building install executable...
04/22/11 09:52:42 PM - Windows build completed in 00m04s.
04/22/11 09:52:42 PM - Installer size is 7.62 MB.
04/22/11 09:52:42 PM - Build completed in 00m04s.
04/22/11 10:05:08 PM - Building message catalogs...
04/22/11 10:05:08 PM - Building Windows install...  
04/22/11 10:05:08 PM - Building main.tcl...
04/22/11 10:05:08 PM - Refreshing file groups...
04/22/11 10:05:08 PM - Getting file list...
04/22/11 10:05:08 PM - Building file manifest...
04/22/11 10:05:08 PM - Saving install information...
04/22/11 10:05:09 PM - Building install...
04/22/11 10:05:09 PM - Building install executable...
04/22/11 10:05:12 PM - Windows build completed in 00m04s.
04/22/11 10:05:12 PM - Installer size is 7.62 MB.
04/22/11 10:05:12 PM - Build completed in 00m04s.
04/22/11 10:11:32 PM - Building message catalogs...
04/22/11 10:11:32 PM - Building Windows install...  
04/22/11 10:11:32 PM - Building main.tcl...
04/22/11 10:11:32 PM - Refreshing file groups...
04/22/11 10:11:32 PM - Getting file list...
04/22/11 10:11:32 PM - Building file manifest...
04/22/11 10:11:32 PM - Saving install information...
04/22/11 10:11:33 PM - Building install...
04/22/11 10:11:33 PM - Building install executable...
04/22/11 10:11:36 PM - Windows build completed in 00m04s.
04/22/11 10:11:36 PM - Installer size is 7.62 MB.
04/22/11 10:11:36 PM - Build completed in 00m04s.
04/22/11 10:40:40 PM - Building message catalogs...
04/22/11 10:40:40 PM - Building Windows install...  
04/22/11 10:40:40 PM - Building main.tcl...
04/22/11 10:40:40 PM - Refreshing file groups...
04/22/11 10:40:40 PM - Getting file list...
04/22/11 10:40:41 PM - Building file manifest...
04/22/11 10:40:41 PM - Saving install information...
04/22/11 10:40:41 PM - Building install...
04/22/11 10:40:41 PM - Building install executable...
04/22/11 10:40:43 PM - Windows build completed in 00m03s.
04/22/11 10:40:43 PM - Installer size is 7.62 MB.
04/22/11 10:40:43 PM - Build completed in 00m03s.
04/22/11 10:51:08 PM - Building message catalogs...
04/22/11 10:51:08 PM - Building Windows install...  
04/22/11 10:51:08 PM - Building main.tcl...
04/22/11 10:51:08 PM - Refreshing file groups...
04/22/11 10:51:08 PM - Getting file list...
04/22/11 10:51:08 PM - Building file manifest...
04/22/11 10:51:08 PM - Saving install information...
04/22/11 10:51:09 PM - Building install...
04/22/11 10:51:09 PM - Building install executable...
04/22/11 10:51:11 PM - Windows build completed in 00m03s.
04/22/11 10:51:11 PM - Installer size is 7.62 MB.
04/22/11 10:51:11 PM - Build completed in 00m03s.
04/22/11 10:53:20 PM - Building message catalogs...
04/22/11 10:53:20 PM - Building Windows install...  
04/22/11 10:53:20 PM - Building main.tcl...
04/22/11 10:53:20 PM - Refreshing file groups...
04/22/11 10:53:21 PM - Getting file list...
04/22/11 10:53:21 PM - Building file manifest...
04/22/11 10:53:21 PM - Saving install information...
04/22/11 10:53:21 PM - Building install...
04/22/11 10:53:21 PM - Building install executable...
04/22/11 10:53:24 PM - Windows build completed in 00m04s.
04/22/11 10:53:24 PM - Installer size is 7.62 MB.
04/22/11 10:53:24 PM - Build completed in 00m04s.
04/22/11 10:54:37 PM - Building message catalogs...
04/22/11 10:54:38 PM - Building Windows install...  
04/22/11 10:54:38 PM - Building main.tcl...
04/22/11 10:54:38 PM - Refreshing file groups...
04/22/11 10:54:38 PM - Getting file list...
04/22/11 10:54:38 PM - Building file manifest...
04/22/11 10:54:38 PM - Saving install information...
04/22/11 10:54:38 PM - Building install...
04/22/11 10:54:38 PM - Building install executable...
04/22/11 10:54:40 PM - Windows build completed in 00m02s.
04/22/11 10:54:40 PM - Installer size is 7.62 MB.
04/22/11 10:54:40 PM - Build completed in 00m03s.
04/22/11 10:57:55 PM - Building message catalogs...
04/22/11 10:57:55 PM - Building Windows install...  
04/22/11 10:57:55 PM - Building main.tcl...
04/22/11 10:57:55 PM - Refreshing file groups...
04/22/11 10:57:55 PM - Getting file list...
04/22/11 10:57:55 PM - Building file manifest...
04/22/11 10:57:55 PM - Saving install information...
04/22/11 10:57:56 PM - Building install...
04/22/11 10:57:56 PM - Building install executable...
04/22/11 10:57:59 PM - Windows build completed in 00m04s.
04/22/11 10:57:59 PM - Installer size is 7.62 MB.
04/22/11 10:57:59 PM - Build completed in 00m04s.
04/22/11 11:06:15 PM - Building message catalogs...
04/22/11 11:06:15 PM - Building Windows install...  
04/22/11 11:06:15 PM - Building main.tcl...
04/22/11 11:06:15 PM - Refreshing file groups...
04/22/11 11:06:15 PM - Getting file list...
04/22/11 11:06:15 PM - Building file manifest...
04/22/11 11:06:15 PM - Saving install information...
04/22/11 11:06:16 PM - Building install...
04/22/11 11:06:16 PM - Building install executable...
04/22/11 11:06:19 PM - Windows build completed in 00m04s.
04/22/11 11:06:19 PM - Installer size is 7.62 MB.
04/22/11 11:06:19 PM - Build completed in 00m04s.
04/22/11 11:07:56 PM - Building message catalogs...
04/22/11 11:07:56 PM - Building Windows install...  
04/22/11 11:07:56 PM - Building main.tcl...
04/22/11 11:07:56 PM - Refreshing file groups...
04/22/11 11:07:56 PM - Getting file list...
04/22/11 11:07:56 PM - Building file manifest...
04/22/11 11:07:56 PM - Saving install information...
04/22/11 11:07:57 PM - Building install...
04/22/11 11:07:57 PM - Building install executable...
04/22/11 11:07:59 PM - Windows build completed in 00m03s.
04/22/11 11:07:59 PM - Installer size is 7.62 MB.
04/22/11 11:07:59 PM - Build completed in 00m03s.
04/22/11 11:08:16 PM - Building message catalogs...
04/22/11 11:08:16 PM - Building Windows install...  
04/22/11 11:08:16 PM - Building main.tcl...
04/22/11 11:08:16 PM - Refreshing file groups...
04/22/11 11:08:16 PM - Getting file list...
04/22/11 11:08:16 PM - Building file manifest...
04/22/11 11:08:16 PM - Saving install information...
04/22/11 11:08:17 PM - Building install...
04/22/11 11:08:17 PM - Building install executable...
04/22/11 11:08:21 PM - Windows build completed in 00m05s.
04/22/11 11:08:21 PM - Installer size is 15.00 MB.
04/22/11 11:08:21 PM - Build completed in 00m05s.
04/22/11 11:08:40 PM - Building message catalogs...
04/22/11 11:08:40 PM - Building Windows install...  
04/22/11 11:08:40 PM - Building main.tcl...
04/22/11 11:08:40 PM - Refreshing file groups...
04/22/11 11:08:40 PM - Getting file list...
04/22/11 11:08:40 PM - Building file manifest...
04/22/11 11:08:40 PM - Saving install information...
04/22/11 11:08:41 PM - Building install...
04/22/11 11:08:41 PM - Building install executable...
04/22/11 11:08:43 PM - Windows build completed in 00m03s.
04/22/11 11:08:43 PM - Installer size is 7.62 MB.
04/22/11 11:08:43 PM - Build completed in 00m03s.
04/22/11 11:17:46 PM - Building message catalogs...
04/22/11 11:17:46 PM - Building Windows install...  
04/22/11 11:17:46 PM - Building main.tcl...
04/22/11 11:17:46 PM - Refreshing file groups...
04/22/11 11:17:46 PM - Getting file list...
04/22/11 11:17:47 PM - Building file manifest...
04/22/11 11:17:47 PM - Saving install information...
04/22/11 11:17:47 PM - Building install...
04/22/11 11:17:47 PM - Building install executable...
04/22/11 11:17:51 PM - Windows build completed in 00m05s.
04/22/11 11:17:51 PM - Installer size is 7.62 MB.
04/22/11 11:17:51 PM - Build completed in 00m05s.
04/22/11 11:24:53 PM - Building message catalogs...
04/22/11 11:24:53 PM - Building Windows install...  
04/22/11 11:24:53 PM - Building main.tcl...
04/22/11 11:24:53 PM - Refreshing file groups...
04/22/11 11:24:53 PM - Getting file list...
04/22/11 11:24:53 PM - Building file manifest...
04/22/11 11:24:53 PM - Saving install information...
04/22/11 11:24:54 PM - Building install...
04/22/11 11:24:54 PM - Building install executable...
04/22/11 11:24:57 PM - Windows build completed in 00m04s.
04/22/11 11:24:57 PM - Installer size is 7.62 MB.
04/22/11 11:24:57 PM - Build completed in 00m04s.
04/22/11 11:26:51 PM - Building message catalogs...
04/22/11 11:26:51 PM - Building Windows install...  
04/22/11 11:26:51 PM - Building main.tcl...
04/22/11 11:26:51 PM - Refreshing file groups...
04/22/11 11:26:51 PM - Getting file list...
04/22/11 11:26:51 PM - Building file manifest...
04/22/11 11:26:51 PM - Saving install information...
04/22/11 11:26:52 PM - Building install...
04/22/11 11:26:52 PM - Building install executable...
04/22/11 11:26:55 PM - Windows build completed in 00m04s.
04/22/11 11:26:55 PM - Installer size is 7.62 MB.
04/22/11 11:26:55 PM - Build completed in 00m04s.
